[1/47] cl /c /Zc:__cplusplus /Zp8 /GR /W3 /EHs /nologo /MD /D_CRT_SECURE_NO_DEPRECATE /D_SCL_SECURE_NO_DEPRECATE /D_SECURE_SCL=0   /DMATLAB_MEX_FILE  /DMATLAB_MEX_FILE /O2 /Oy- /DNDEBUG /fp:strict /utf-8 /I "." /I "D:\ws_Matlab\EdgeAndPeak" /I "D:\Program Files\MATLAB\2023b\extern\include" /I ".\interface" /I "." -DMODEL=cell_boundary_mex /openmp /wd4101  imopen.c /Fobuild\win64\imopen.obj
imopen.c
[2/47] cl /c /Zc:__cplusplus /Zp8 /GR /W3 /EHs /nologo /MD /D_CRT_SECURE_NO_DEPRECATE /D_SCL_SECURE_NO_DEPRECATE /D_SECURE_SCL=0   /DMATLAB_MEX_FILE  /DMATLAB_MEX_FILE /O2 /Oy- /DNDEBUG /fp:strict /utf-8 /I "." /I "D:\ws_Matlab\EdgeAndPeak" /I "D:\Program Files\MATLAB\2023b\extern\include" /I ".\interface" /I "." -DMODEL=cell_boundary_mex /openmp /wd4101  rt_nonfinite.c /Fobuild\win64\rt_nonfinite.obj
rt_nonfinite.c
[3/47] cl /c /Zc:__cplusplus /Zp8 /GR /W3 /EHs /nologo /MD /D_CRT_SECURE_NO_DEPRECATE /D_SCL_SECURE_NO_DEPRECATE /D_SECURE_SCL=0   /DMATLAB_MEX_FILE  /DMATLAB_MEX_FILE /O2 /Oy- /DNDEBUG /fp:strict /utf-8 /I "." /I "D:\ws_Matlab\EdgeAndPeak" /I "D:\Program Files\MATLAB\2023b\extern\include" /I ".\interface" /I "." -DMODEL=cell_boundary_mex /openmp /wd4101  bwpack.c /Fobuild\win64\bwpack.obj
bwpack.c
[4/47] cl /c /Zc:__cplusplus /Zp8 /GR /W3 /EHs /nologo /MD /D_CRT_SECURE_NO_DEPRECATE /D_SCL_SECURE_NO_DEPRECATE /D_SECURE_SCL=0   /DMATLAB_MEX_FILE  /DMATLAB_MEX_FILE /O2 /Oy- /DNDEBUG /fp:strict /utf-8 /I "." /I "D:\ws_Matlab\EdgeAndPeak" /I "D:\Program Files\MATLAB\2023b\extern\include" /I ".\interface" /I "." -DMODEL=cell_boundary_mex /openmp /wd4101  ifWhileCond.c /Fobuild\win64\ifWhileCond.obj
ifWhileCond.c
[5/47] cl /c /Zc:__cplusplus /Zp8 /GR /W3 /EHs /nologo /MD /D_CRT_SECURE_NO_DEPRECATE /D_SCL_SECURE_NO_DEPRECATE /D_SECURE_SCL=0   /DMATLAB_MEX_FILE  /DMATLAB_MEX_FILE /O2 /Oy- /DNDEBUG /fp:strict /utf-8 /I "." /I "D:\ws_Matlab\EdgeAndPeak" /I "D:\Program Files\MATLAB\2023b\extern\include" /I ".\interface" /I "." -DMODEL=cell_boundary_mex /openmp /wd4101  cell_boundary_data.c /Fobuild\win64\cell_boundary_data.obj
cell_boundary_data.c
[6/47] cl /c /Zc:__cplusplus /Zp8 /GR /W3 /EHs /nologo /MD /D_CRT_SECURE_NO_DEPRECATE /D_SCL_SECURE_NO_DEPRECATE /D_SECURE_SCL=0   /DMATLAB_MEX_FILE  /DMATLAB_MEX_FILE /O2 /Oy- /DNDEBUG /fp:strict /utf-8 /I "." /I "D:\ws_Matlab\EdgeAndPeak" /I "D:\Program Files\MATLAB\2023b\extern\include" /I ".\interface" /I "." -DMODEL=cell_boundary_mex /openmp /wd4101  cell_boundary_initialize.c /Fobuild\win64\cell_boundary_initialize.obj
cell_boundary_initialize.c
[7/47] cl /c /Zc:__cplusplus /Zp8 /GR /W3 /EHs /nologo /MD /D_CRT_SECURE_NO_DEPRECATE /D_SCL_SECURE_NO_DEPRECATE /D_SECURE_SCL=0   /DMATLAB_MEX_FILE  /DMATLAB_MEX_FILE /O2 /Oy- /DNDEBUG /fp:strict /utf-8 /I "." /I "D:\ws_Matlab\EdgeAndPeak" /I "D:\Program Files\MATLAB\2023b\extern\include" /I ".\interface" /I "." -DMODEL=cell_boundary_mex /openmp /wd4101  eml_int_forloop_overflow_check.c /Fobuild\win64\eml_int_forloop_overflow_check.obj
eml_int_forloop_overflow_check.c
[8/47] cl /c /Zc:__cplusplus /Zp8 /GR /W3 /EHs /nologo /MD /D_CRT_SECURE_NO_DEPRECATE /D_SCL_SECURE_NO_DEPRECATE /D_SECURE_SCL=0   /DMATLAB_MEX_FILE  /DMATLAB_MEX_FILE /O2 /Oy- /DNDEBUG /fp:strict /utf-8 /I "." /I "D:\ws_Matlab\EdgeAndPeak" /I "D:\Program Files\MATLAB\2023b\extern\include" /I ".\interface" /I "." -DMODEL=cell_boundary_mex /openmp /wd4101  any.c /Fobuild\win64\any.obj
any.c
[9/47] cl /c /Zc:__cplusplus /Zp8 /GR /W3 /EHs /nologo /MD /D_CRT_SECURE_NO_DEPRECATE /D_SCL_SECURE_NO_DEPRECATE /D_SECURE_SCL=0   /DMATLAB_MEX_FILE  /DMATLAB_MEX_FILE /O2 /Oy- /DNDEBUG /fp:strict /utf-8 /I "." /I "D:\ws_Matlab\EdgeAndPeak" /I "D:\Program Files\MATLAB\2023b\extern\include" /I ".\interface" /I "." -DMODEL=cell_boundary_mex /openmp /wd4101  bsxfun.c /Fobuild\win64\bsxfun.obj
bsxfun.c
[10/47] cl /c /Zc:__cplusplus /Zp8 /GR /W3 /EHs /nologo /MD /D_CRT_SECURE_NO_DEPRECATE /D_SCL_SECURE_NO_DEPRECATE /D_SECURE_SCL=0   /DMATLAB_MEX_FILE  /DMATLAB_MEX_FILE /O2 /Oy- /DNDEBUG /fp:strict /utf-8 /I "." /I "D:\ws_Matlab\EdgeAndPeak" /I "D:\Program Files\MATLAB\2023b\extern\include" /I ".\interface" /I "." -DMODEL=cell_boundary_mex /openmp /wd4101  bwunpack.c /Fobuild\win64\bwunpack.obj
bwunpack.c
[11/47] cl /c /Zc:__cplusplus /Zp8 /GR /W3 /EHs /nologo /MD /D_CRT_SECURE_NO_DEPRECATE /D_SCL_SECURE_NO_DEPRECATE /D_SECURE_SCL=0   /DMATLAB_MEX_FILE  /DMATLAB_MEX_FILE /O2 /Oy- /DNDEBUG /fp:strict /utf-8 /I "." /I "D:\ws_Matlab\EdgeAndPeak" /I "D:\Program Files\MATLAB\2023b\extern\include" /I ".\interface" /I "." -DMODEL=cell_boundary_mex /openmp /wd4101  cell_boundary_terminate.c /Fobuild\win64\cell_boundary_terminate.obj
cell_boundary_terminate.c
[12/47] cl /c /Zc:__cplusplus /Zp8 /GR /W3 /EHs /nologo /MD /D_CRT_SECURE_NO_DEPRECATE /D_SCL_SECURE_NO_DEPRECATE /D_SECURE_SCL=0   /DMATLAB_MEX_FILE  /DMATLAB_MEX_FILE /O2 /Oy- /DNDEBUG /fp:strict /utf-8 /I "." /I "D:\ws_Matlab\EdgeAndPeak" /I "D:\Program Files\MATLAB\2023b\extern\include" /I ".\interface" /I "." -DMODEL=cell_boundary_mex /openmp /wd4101  imfilter.c /Fobuild\win64\imfilter.obj
imfilter.c
[13/47] cl /c /Zc:__cplusplus /Zp8 /GR /W3 /EHs /nologo /MD /D_CRT_SECURE_NO_DEPRECATE /D_SCL_SECURE_NO_DEPRECATE /D_SECURE_SCL=0   /DMATLAB_MEX_FILE  /DMATLAB_MEX_FILE /O2 /Oy- /DNDEBUG /fp:strict /utf-8 /I "." /I "D:\ws_Matlab\EdgeAndPeak" /I "D:\Program Files\MATLAB\2023b\extern\include" /I ".\interface" /I "." -DMODEL=cell_boundary_mex /openmp /wd4101  colon.c /Fobuild\win64\colon.obj
colon.c
[14/47] cl /c /Zc:__cplusplus /Zp8 /GR /W3 /EHs /nologo /MD /D_CRT_SECURE_NO_DEPRECATE /D_SCL_SECURE_NO_DEPRECATE /D_SECURE_SCL=0   /DMATLAB_MEX_FILE  /DMATLAB_MEX_FILE /O2 /Oy- /DNDEBUG /fp:strict /utf-8 /I "." /I "D:\ws_Matlab\EdgeAndPeak" /I "D:\Program Files\MATLAB\2023b\extern\include" /I ".\interface" /I "." -DMODEL=cell_boundary_mex /openmp /wd4101  imclose.c /Fobuild\win64\imclose.obj
imclose.c
[15/47] cl /c /Zc:__cplusplus /Zp8 /GR /W3 /EHs /nologo /MD /D_CRT_SECURE_NO_DEPRECATE /D_SCL_SECURE_NO_DEPRECATE /D_SECURE_SCL=0   /DMATLAB_MEX_FILE  /DMATLAB_MEX_FILE /O2 /Oy- /DNDEBUG /fp:strict /utf-8 /I "." /I "D:\ws_Matlab\EdgeAndPeak" /I "D:\Program Files\MATLAB\2023b\extern\include" /I ".\interface" /I "." -DMODEL=cell_boundary_mex /openmp /wd4101  StrelImpl.c /Fobuild\win64\StrelImpl.obj
StrelImpl.c
[16/47] cl /c /Zc:__cplusplus /Zp8 /GR /W3 /EHs /nologo /MD /D_CRT_SECURE_NO_DEPRECATE /D_SCL_SECURE_NO_DEPRECATE /D_SECURE_SCL=0   /DMATLAB_MEX_FILE  /DMATLAB_MEX_FILE /O2 /Oy- /DNDEBUG /fp:strict /utf-8 /I "." /I "D:\ws_Matlab\EdgeAndPeak" /I "D:\Program Files\MATLAB\2023b\extern\include" /I ".\interface" /I "." -DMODEL=cell_boundary_mex /openmp /wd4101  meshgrid.c /Fobuild\win64\meshgrid.obj
meshgrid.c
[17/47] cl /c /Zc:__cplusplus /Zp8 /GR /W3 /EHs /nologo /MD /D_CRT_SECURE_NO_DEPRECATE /D_SCL_SECURE_NO_DEPRECATE /D_SECURE_SCL=0   /DMATLAB_MEX_FILE  /DMATLAB_MEX_FILE /O2 /Oy- /DNDEBUG /fp:strict /utf-8 /I "." /I "D:\ws_Matlab\EdgeAndPeak" /I "D:\Program Files\MATLAB\2023b\extern\include" /I ".\interface" /I "." -DMODEL=cell_boundary_mex /openmp /wd4101  validateattributes.c /Fobuild\win64\validateattributes.obj
validateattributes.c
[18/47] cl /c /Zc:__cplusplus /Zp8 /GR /W3 /EHs /nologo /MD /D_CRT_SECURE_NO_DEPRECATE /D_SCL_SECURE_NO_DEPRECATE /D_SECURE_SCL=0   /DMATLAB_MEX_FILE  /DMATLAB_MEX_FILE /O2 /Oy- /DNDEBUG /fp:strict /utf-8 /I "." /I "D:\ws_Matlab\EdgeAndPeak" /I "D:\Program Files\MATLAB\2023b\extern\include" /I ".\interface" /I "." -DMODEL=cell_boundary_mex /openmp /wd4101  repmat.c /Fobuild\win64\repmat.obj
repmat.c
[19/47] cl /c /Zc:__cplusplus /Zp8 /GR /W3 /EHs /nologo /MD /D_CRT_SECURE_NO_DEPRECATE /D_SCL_SECURE_NO_DEPRECATE /D_SECURE_SCL=0   /DMATLAB_MEX_FILE  /DMATLAB_MEX_FILE /O2 /Oy- /DNDEBUG /fp:strict /utf-8 /I "." /I "D:\ws_Matlab\EdgeAndPeak" /I "D:\Program Files\MATLAB\2023b\extern\include" /I ".\interface" /I "." -DMODEL=cell_boundary_mex /openmp /wd4101  imerode.c /Fobuild\win64\imerode.obj
imerode.c
[20/47] cl /c /Zc:__cplusplus /Zp8 /GR /W3 /EHs /nologo /MD /D_CRT_SECURE_NO_DEPRECATE /D_SCL_SECURE_NO_DEPRECATE /D_SECURE_SCL=0   /DMATLAB_MEX_FILE  /DMATLAB_MEX_FILE /O2 /Oy- /DNDEBUG /fp:strict /utf-8 /I "." /I "D:\ws_Matlab\EdgeAndPeak" /I "D:\Program Files\MATLAB\2023b\extern\include" /I ".\interface" /I "." -DMODEL=cell_boundary_mex /openmp /wd4101  warning.c /Fobuild\win64\warning.obj
warning.c
[21/47] cl /c /Zc:__cplusplus /Zp8 /GR /W3 /EHs /nologo /MD /D_CRT_SECURE_NO_DEPRECATE /D_SCL_SECURE_NO_DEPRECATE /D_SECURE_SCL=0   /DMATLAB_MEX_FILE  /DMATLAB_MEX_FILE /O2 /Oy- /DNDEBUG /fp:strict /utf-8 /I "." /I "D:\ws_Matlab\EdgeAndPeak" /I "D:\Program Files\MATLAB\2023b\extern\include" /I ".\interface" /I "." -DMODEL=cell_boundary_mex /openmp /wd4101  cell_boundary.c /Fobuild\win64\cell_boundary.obj
cell_boundary.c
[22/47] cl /c /Zc:__cplusplus /Zp8 /GR /W3 /EHs /nologo /MD /D_CRT_SECURE_NO_DEPRECATE /D_SCL_SECURE_NO_DEPRECATE /D_SECURE_SCL=0   /DMATLAB_MEX_FILE  /DMATLAB_MEX_FILE /O2 /Oy- /DNDEBUG /fp:strict /utf-8 /I "." /I "D:\ws_Matlab\EdgeAndPeak" /I "D:\Program Files\MATLAB\2023b\extern\include" /I ".\interface" /I "." -DMODEL=cell_boundary_mex /openmp /wd4101  imbinarize.c /Fobuild\win64\imbinarize.obj
imbinarize.c
[23/47] cl /c /Zc:__cplusplus /Zp8 /GR /W3 /EHs /nologo /MD /D_CRT_SECURE_NO_DEPRECATE /D_SCL_SECURE_NO_DEPRECATE /D_SECURE_SCL=0   /DMATLAB_MEX_FILE  /DMATLAB_MEX_FILE /O2 /Oy- /DNDEBUG /fp:strict /utf-8 /I "." /I "D:\ws_Matlab\EdgeAndPeak" /I "D:\Program Files\MATLAB\2023b\extern\include" /I ".\interface" /I "." -DMODEL=cell_boundary_mex /openmp /wd4101  bwlabel.c /Fobuild\win64\bwlabel.obj
bwlabel.c
[24/47] cl /c /Zc:__cplusplus /Zp8 /GR /W3 /EHs /nologo /MD /D_CRT_SECURE_NO_DEPRECATE /D_SCL_SECURE_NO_DEPRECATE /D_SECURE_SCL=0   /DMATLAB_MEX_FILE  /DMATLAB_MEX_FILE /O2 /Oy- /DNDEBUG /fp:strict /utf-8 /I "." /I "D:\ws_Matlab\EdgeAndPeak" /I "D:\Program Files\MATLAB\2023b\extern\include" /I ".\interface" /I "." -DMODEL=cell_boundary_mex /openmp /wd4101  morphop.c /Fobuild\win64\morphop.obj
morphop.c
[25/47] cl /c /Zc:__cplusplus /Zp8 /GR /W3 /EHs /nologo /MD /D_CRT_SECURE_NO_DEPRECATE /D_SCL_SECURE_NO_DEPRECATE /D_SECURE_SCL=0   /DMATLAB_MEX_FILE  /DMATLAB_MEX_FILE /O2 /Oy- /DNDEBUG /fp:strict /utf-8 /I "." /I "D:\ws_Matlab\EdgeAndPeak" /I "D:\Program Files\MATLAB\2023b\extern\include" /I ".\interface" /I "." -DMODEL=cell_boundary_mex /openmp /wd4101  imdilate.c /Fobuild\win64\imdilate.obj
imdilate.c
[26/47] cl /c /Zc:__cplusplus /Zp8 /GR /W3 /EHs /nologo /MD /D_CRT_SECURE_NO_DEPRECATE /D_SCL_SECURE_NO_DEPRECATE /D_SECURE_SCL=0   /DMATLAB_MEX_FILE  /DMATLAB_MEX_FILE /O2 /Oy- /DNDEBUG /fp:strict /utf-8 /I "." /I "D:\ws_Matlab\EdgeAndPeak" /I "D:\Program Files\MATLAB\2023b\extern\include" /I ".\interface" /I "." -DMODEL=cell_boundary_mex /openmp /wd4101  strel.c /Fobuild\win64\strel.obj
strel.c
[27/47] cl /c /Zc:__cplusplus /Zp8 /GR /W3 /EHs /nologo /MD /D_CRT_SECURE_NO_DEPRECATE /D_SCL_SECURE_NO_DEPRECATE /D_SECURE_SCL=0   /DMATLAB_MEX_FILE  /DMATLAB_MEX_FILE /O2 /Oy- /DNDEBUG /fp:strict /utf-8 /I "." /I "D:\ws_Matlab\EdgeAndPeak" /I "D:\Program Files\MATLAB\2023b\extern\include" /I ".\interface" /I "." -DMODEL=cell_boundary_mex /openmp /wd4101  indexShapeCheck.c /Fobuild\win64\indexShapeCheck.obj
indexShapeCheck.c
[28/47] cl /c /Zc:__cplusplus /Zp8 /GR /W3 /EHs /nologo /MD /D_CRT_SECURE_NO_DEPRECATE /D_SCL_SECURE_NO_DEPRECATE /D_SECURE_SCL=0   /DMATLAB_MEX_FILE  /DMATLAB_MEX_FILE /O2 /Oy- /DNDEBUG /fp:strict /utf-8 /I "." /I "D:\ws_Matlab\EdgeAndPeak" /I "D:\Program Files\MATLAB\2023b\extern\include" /I ".\interface" /I "." -DMODEL=cell_boundary_mex /openmp /wd4101  "D:\Program Files\MATLAB\2023b\extern\version\c_mexapi_version.c" /Fobuild\win64\c_mexapi_version.obj
c_mexapi_version.c
[29/47] cl /c /Zc:__cplusplus /Zp8 /GR /W3 /EHs /nologo /MD /D_CRT_SECURE_NO_DEPRECATE /D_SCL_SECURE_NO_DEPRECATE /D_SECURE_SCL=0   /DMATLAB_MEX_FILE  /DMATLAB_MEX_FILE /O2 /Oy- /DNDEBUG /fp:strict /utf-8 /I "." /I "D:\ws_Matlab\EdgeAndPeak" /I "D:\Program Files\MATLAB\2023b\extern\include" /I ".\interface" /I "." -DMODEL=cell_boundary_mex /openmp /wd4101  bwmorph.c /Fobuild\win64\bwmorph.obj
bwmorph.c
[30/47] cl /c /Zc:__cplusplus /Zp8 /GR /W3 /EHs /nologo /MD /D_CRT_SECURE_NO_DEPRECATE /D_SCL_SECURE_NO_DEPRECATE /D_SECURE_SCL=0   /DMATLAB_MEX_FILE  /DMATLAB_MEX_FILE /O2 /Oy- /DNDEBUG /fp:strict /utf-8 /I "." /I "D:\ws_Matlab\EdgeAndPeak" /I "D:\Program Files\MATLAB\2023b\extern\include" /I ".\interface" /I "." -DMODEL=cell_boundary_mex /openmp /wd4101  setPackedFillBits.c /Fobuild\win64\setPackedFillBits.obj
setPackedFillBits.c
[31/47] cl /c /Zc:__cplusplus /Zp8 /GR /W3 /EHs /nologo /MD /D_CRT_SECURE_NO_DEPRECATE /D_SCL_SECURE_NO_DEPRECATE /D_SECURE_SCL=0   /DMATLAB_MEX_FILE  /DMATLAB_MEX_FILE /O2 /Oy- /DNDEBUG /fp:strict /utf-8 /I "." /I "D:\ws_Matlab\EdgeAndPeak" /I "D:\Program Files\MATLAB\2023b\extern\include" /I ".\interface" /I "." -DMODEL=cell_boundary_mex /openmp /wd4101  isequal.c /Fobuild\win64\isequal.obj
isequal.c
[32/47] cl /c /Zc:__cplusplus /Zp8 /GR /W3 /EHs /nologo /MD /D_CRT_SECURE_NO_DEPRECATE /D_SCL_SECURE_NO_DEPRECATE /D_SECURE_SCL=0   /DMATLAB_MEX_FILE  /DMATLAB_MEX_FILE /O2 /Oy- /DNDEBUG /fp:strict /utf-8 /I "." /I "D:\ws_Matlab\EdgeAndPeak" /I "D:\Program Files\MATLAB\2023b\extern\include" /I ".\interface" /I "." -DMODEL=cell_boundary_mex /openmp /wd4101  cell_boundary_mexutil.c /Fobuild\win64\cell_boundary_mexutil.obj
cell_boundary_mexutil.c
[33/47] cl /c /Zc:__cplusplus /Zp8 /GR /W3 /EHs /nologo /MD /D_CRT_SECURE_NO_DEPRECATE /D_SCL_SECURE_NO_DEPRECATE /D_SECURE_SCL=0   /DMATLAB_MEX_FILE  /DMATLAB_MEX_FILE /O2 /Oy- /DNDEBUG /fp:strict /utf-8 /I "." /I "D:\ws_Matlab\EdgeAndPeak" /I "D:\Program Files\MATLAB\2023b\extern\include" /I ".\interface" /I "." -DMODEL=cell_boundary_mex /openmp /wd4101  all.c /Fobuild\win64\all.obj
all.c
[34/47] cl /c /Zc:__cplusplus /Zp8 /GR /W3 /EHs /nologo /MD /D_CRT_SECURE_NO_DEPRECATE /D_SCL_SECURE_NO_DEPRECATE /D_SECURE_SCL=0   /DMATLAB_MEX_FILE  /DMATLAB_MEX_FILE /O2 /Oy- /DNDEBUG /fp:strict /utf-8 /I "." /I "D:\ws_Matlab\EdgeAndPeak" /I "D:\Program Files\MATLAB\2023b\extern\include" /I ".\interface" /I "." -DMODEL=cell_boundary_mex /openmp /wd4101  round.c /Fobuild\win64\round.obj
round.c
[35/47] cl /c /Zc:__cplusplus /Zp8 /GR /W3 /EHs /nologo /MD /D_CRT_SECURE_NO_DEPRECATE /D_SCL_SECURE_NO_DEPRECATE /D_SECURE_SCL=0   /DMATLAB_MEX_FILE  /DMATLAB_MEX_FILE /O2 /Oy- /DNDEBUG /fp:strict /utf-8 /I "." /I "D:\ws_Matlab\EdgeAndPeak" /I "D:\Program Files\MATLAB\2023b\extern\include" /I ".\interface" /I "." -DMODEL=cell_boundary_mex /openmp /wd4101  interface\_coder_cell_boundary_mex.c /Fobuild\win64\_coder_cell_boundary_mex.obj
_coder_cell_boundary_mex.c
[36/47] cl /c /Zc:__cplusplus /Zp8 /GR /W3 /EHs /nologo /MD /D_CRT_SECURE_NO_DEPRECATE /D_SCL_SECURE_NO_DEPRECATE /D_SECURE_SCL=0   /DMATLAB_MEX_FILE  /DMATLAB_MEX_FILE /O2 /Oy- /DNDEBUG /fp:strict /utf-8 /I "." /I "D:\ws_Matlab\EdgeAndPeak" /I "D:\Program Files\MATLAB\2023b\extern\include" /I ".\interface" /I "." -DMODEL=cell_boundary_mex /openmp /wd4101  abs.c /Fobuild\win64\abs.obj
abs.c
[37/47] cl /c /Zc:__cplusplus /Zp8 /GR /W3 /EHs /nologo /MD /D_CRT_SECURE_NO_DEPRECATE /D_SCL_SECURE_NO_DEPRECATE /D_SECURE_SCL=0   /DMATLAB_MEX_FILE  /DMATLAB_MEX_FILE /O2 /Oy- /DNDEBUG /fp:strict /utf-8 /I "." /I "D:\ws_Matlab\EdgeAndPeak" /I "D:\Program Files\MATLAB\2023b\extern\include" /I ".\interface" /I "." -DMODEL=cell_boundary_mex /openmp /wd4101  interface\_coder_cell_boundary_info.c /Fobuild\win64\_coder_cell_boundary_info.obj
_coder_cell_boundary_info.c
[38/47] cl /c /Zc:__cplusplus /Zp8 /GR /W3 /EHs /nologo /MD /D_CRT_SECURE_NO_DEPRECATE /D_SCL_SECURE_NO_DEPRECATE /D_SECURE_SCL=0   /DMATLAB_MEX_FILE  /DMATLAB_MEX_FILE /O2 /Oy- /DNDEBUG /fp:strict /utf-8 /I "." /I "D:\ws_Matlab\EdgeAndPeak" /I "D:\Program Files\MATLAB\2023b\extern\include" /I ".\interface" /I "." -DMODEL=cell_boundary_mex /openmp /wd4101  find.c /Fobuild\win64\find.obj
find.c
[39/47] cl /c /Zc:__cplusplus /Zp8 /GR /W3 /EHs /nologo /MD /D_CRT_SECURE_NO_DEPRECATE /D_SCL_SECURE_NO_DEPRECATE /D_SECURE_SCL=0   /DMATLAB_MEX_FILE  /DMATLAB_MEX_FILE /O2 /Oy- /DNDEBUG /fp:strict /utf-8 /I "." /I "D:\ws_Matlab\EdgeAndPeak" /I "D:\Program Files\MATLAB\2023b\extern\include" /I ".\interface" /I "." -DMODEL=cell_boundary_mex /openmp /wd4101  flip.c /Fobuild\win64\flip.obj
flip.c
[40/47] cl /c /Zc:__cplusplus /Zp8 /GR /W3 /EHs /nologo /MD /D_CRT_SECURE_NO_DEPRECATE /D_SCL_SECURE_NO_DEPRECATE /D_SECURE_SCL=0   /DMATLAB_MEX_FILE  /DMATLAB_MEX_FILE /O2 /Oy- /DNDEBUG /fp:strict /utf-8 /I "." /I "D:\ws_Matlab\EdgeAndPeak" /I "D:\Program Files\MATLAB\2023b\extern\include" /I ".\interface" /I "." -DMODEL=cell_boundary_mex /openmp /wd4101  algbwmorph.c /Fobuild\win64\algbwmorph.obj
algbwmorph.c
[41/47] cl /c /Zc:__cplusplus /Zp8 /GR /W3 /EHs /nologo /MD /D_CRT_SECURE_NO_DEPRECATE /D_SCL_SECURE_NO_DEPRECATE /D_SECURE_SCL=0   /DMATLAB_MEX_FILE  /DMATLAB_MEX_FILE /O2 /Oy- /DNDEBUG /fp:strict /utf-8 /I "." /I "D:\ws_Matlab\EdgeAndPeak" /I "D:\Program Files\MATLAB\2023b\extern\include" /I ".\interface" /I "." -DMODEL=cell_boundary_mex /openmp /wd4101  sub2ind.c /Fobuild\win64\sub2ind.obj
sub2ind.c
[42/47] cl /c /Zc:__cplusplus /Zp8 /GR /W3 /EHs /nologo /MD /D_CRT_SECURE_NO_DEPRECATE /D_SCL_SECURE_NO_DEPRECATE /D_SECURE_SCL=0   /DMATLAB_MEX_FILE  /DMATLAB_MEX_FILE /O2 /Oy- /DNDEBUG /fp:strict /utf-8 /I "." /I "D:\ws_Matlab\EdgeAndPeak" /I "D:\Program Files\MATLAB\2023b\extern\include" /I ".\interface" /I "." -DMODEL=cell_boundary_mex /openmp /wd4101  interface\_coder_cell_boundary_api.c /Fobuild\win64\_coder_cell_boundary_api.obj
_coder_cell_boundary_api.c
[43/47] cl /c /Zc:__cplusplus /Zp8 /GR /W3 /EHs /nologo /MD /D_CRT_SECURE_NO_DEPRECATE /D_SCL_SECURE_NO_DEPRECATE /D_SECURE_SCL=0   /DMATLAB_MEX_FILE  /DMATLAB_MEX_FILE /O2 /Oy- /DNDEBUG /fp:strict /utf-8 /I "." /I "D:\ws_Matlab\EdgeAndPeak" /I "D:\Program Files\MATLAB\2023b\extern\include" /I ".\interface" /I "." -DMODEL=cell_boundary_mex /openmp /wd4101  bwareaopen.c /Fobuild\win64\bwareaopen.obj
bwareaopen.c
[44/47] cl /c /Zc:__cplusplus /Zp8 /GR /W3 /EHs /nologo /MD /D_CRT_SECURE_NO_DEPRECATE /D_SCL_SECURE_NO_DEPRECATE /D_SECURE_SCL=0   /DMATLAB_MEX_FILE  /DMATLAB_MEX_FILE /O2 /Oy- /DNDEBUG /fp:strict /utf-8 /I "." /I "D:\ws_Matlab\EdgeAndPeak" /I "D:\Program Files\MATLAB\2023b\extern\include" /I ".\interface" /I "." -DMODEL=cell_boundary_mex /openmp /wd4101  padarray.c /Fobuild\win64\padarray.obj
padarray.c
[45/47] cl /c /Zc:__cplusplus /Zp8 /GR /W3 /EHs /nologo /MD /D_CRT_SECURE_NO_DEPRECATE /D_SCL_SECURE_NO_DEPRECATE /D_SECURE_SCL=0   /DMATLAB_MEX_FILE  /DMATLAB_MEX_FILE /O2 /Oy- /DNDEBUG /fp:strict /utf-8 /I "." /I "D:\ws_Matlab\EdgeAndPeak" /I "D:\Program Files\MATLAB\2023b\extern\include" /I ".\interface" /I "." -DMODEL=cell_boundary_mex /openmp /wd4101  cell_boundary_emxutil.c /Fobuild\win64\cell_boundary_emxutil.obj
cell_boundary_emxutil.c
[46/47] cl /c /Zc:__cplusplus /Zp8 /GR /W3 /EHs /nologo /MD /D_CRT_SECURE_NO_DEPRECATE /D_SCL_SECURE_NO_DEPRECATE /D_SECURE_SCL=0   /DMATLAB_MEX_FILE  /DMATLAB_MEX_FILE /O2 /Oy- /DNDEBUG /fp:strict /utf-8 /I "." /I "D:\ws_Matlab\EdgeAndPeak" /I "D:\Program Files\MATLAB\2023b\extern\include" /I ".\interface" /I "." -DMODEL=cell_boundary_mex /openmp /wd4101  intline.c /Fobuild\win64\intline.obj
intline.c
[47/47] link @cell_boundary_mex.mexw64.rsp "D:\Program Files\MATLAB\2023b\extern\lib\win64\microsoft\libmwippfilter.lib" "D:\Program Files\MATLAB\2023b\extern\lib\win64\microsoft\libmwtbbhist.lib" "D:\Program Files\MATLAB\2023b\extern\lib\win64\microsoft\libmwbwpackctbb.lib" "D:\Program Files\MATLAB\2023b\extern\lib\win64\microsoft\libmwbwunpackctbb.lib" "D:\Program Files\MATLAB\2023b\extern\lib\win64\microsoft\libmwbwlookup_tbb.lib" "D:\Program Files\MATLAB\2023b\extern\lib\win64\microsoft\libmwmorphop_nonflat_tbb.lib" "D:\Program Files\MATLAB\2023b\extern\lib\win64\microsoft\libmwmorphop_flat_tbb.lib" "D:\Program Files\MATLAB\2023b\extern\lib\win64\microsoft\libmwmorphop_binary_tbb.lib" "D:\Program Files\MATLAB\2023b\extern\lib\win64\microsoft\libmwimfilter.lib" "D:\Program Files\MATLAB\2023b\extern\lib\win64\microsoft\libmwgetnumcores.lib" "D:\Program Files\MATLAB\2023b\extern\lib\win64\microsoft\libmwmorphop_packed.lib" "D:\Program Files\MATLAB\2023b\extern\lib\win64\microsoft\libmwmorphop_nonflat.lib" "D:\Program Files\MATLAB\2023b\extern\lib\win64\microsoft\libmwmorphop_flat.lib" "D:\Program Files\MATLAB\2023b\extern\lib\win64\microsoft\libmwmorphop_binary.lib" "D:\Program Files\MATLAB\2023b\extern\lib\win64\microsoft\libmwmorphop_ipp.lib" /nologo /manifest   /DLL /LIBPATH:"D:\Program Files\MATLAB\2023b\extern\lib\win64\microsoft" libmx.lib libmex.lib libmat.lib kernel32.lib user32.lib gdi32.lib winspool.lib comdlg32.lib advapi32.lib shell32.lib ole32.lib oleaut32.lib uuid.lib odbc32.lib odbccp32.lib  /out:"cell_boundary_mex.mexw64" libemlrt.lib libcovrt.lib libut.lib libmwmathutil.lib libiomp5md.lib /nodefaultlib:vcomp /LIBPATH:"D:\Program Files\MATLAB\2023b\bin\win64" /export:mexFunction /export:mexfilerequiredapiversion /export:emlrtMexFcnProperties /export:cell_boundary /export:cell_boundary_initialize /export:cell_boundary_terminate /export:cell_boundary_atexit /export:emlrt_marshallOut /export:b_error /export:emxInit_cell_wrap_1_1x2 /export:d_emxInit_images_internal_coder /export:emxEnsureCapacity_real32_T /export:emxInit_cell_wrap_1_1x0 /export:e_emxInit_images_internal_coder /export:emxFree_real32_T /export:emxInit_real32_T /export:f_emxFree_images_internal_coder /export:e_emxFree_images_internal_coder /export:emxFree_cell_wrap_1_1x0 /export:emxFree_cell_wrap_1_1x2 /export:e_emxEnsureCapacity_images_inte /export:e_emxExpand_images_internal_cod /export:e_emxTrim_images_internal_coder /export:emxEnsureCapacity_cell_wrap_12 /export:emxTrim_cell_wrap_1_1x2 /export:emxExpand_cell_wrap_1_1x2 /export:emxFreeMatrix_cell_wrap_38 /export:emxFreeStruct_cell_wrap_38 /export:emxInitMatrix_cell_wrap_38 /export:emxInitStruct_cell_wrap_38 /export:emxEnsureCapacity_cell_wrap_37 /export:emxTrim_cell_wrap_37 /export:emxExpand_cell_wrap_37 /export:emxInitStruct_cell_wrap_37 /export:emxFree_cell_wrap_37 /export:emxFreeStruct_cell_wrap_37 /export:emxInit_cell_wrap_37 /export:c_emxInit_images_internal_coder /export:emxInit_cell_wrap_1_1x1 /export:d_emxFree_images_internal_coder /export:emxFree_cell_wrap_1_1x1 /export:c_emxEnsureCapacity_images_inte /export:c_emxExpand_images_internal_cod /export:c_emxTrim_images_internal_coder /export:emxEnsureCapacity_cell_wrap_1 /export:emxTrim_cell_wrap_1_1x1 /export:emxExpand_cell_wrap_1_1x1 /export:emxEnsureCapacity_cell_wrap_11 /export:emxTrim_cell_wrap_1 /export:emxExpand_cell_wrap_1 /export:emxInitStruct_cell_wrap_1 /export:emxEnsureCapacity_uint32_T /export:emxFree_uint32_T /export:emxInit_uint32_T /export:emxCopyStruct_cell_wrap_1 /export:c_emxCopy_images_internal_coder /export:d_emxEnsureCapacity_images_inte /export:d_emxExpand_images_internal_cod /export:c_emxInitStruct_images_internal /export:emxInit_real_T /export:d_emxTrim_images_internal_coder /export:c_emxCopyStruct_images_internal /export:emxCopy_real_T /export:emxEnsureCapacity_real_T /export:emxCopy_boolean_T /export:emxEnsureCapacity_boolean_T /export:emxEnsureCapacity_int32_T /export:emxFree_int32_T /export:emxInit_int32_T /export:emxInit_boolean_T /export:emxFreeStruct_strel /export:emxFree_cell_wrap_1 /export:emxFreeStruct_cell_wrap_1 /export:c_emxFree_images_internal_coder /export:c_emxFreeStruct_images_internal /export:emxFree_boolean_T /export:emxFree_real_T /export:emxInitStruct_strel /export:f_emxInit_images_internal_coder /export:emxInit_cell_wrap_1
  正在创建库 cell_boundary_mex.lib 和对象 cell_boundary_mex.exp
